<?xml version="1.0" encoding="UTF-8"?>
<!-- Generated by org.testng.reporters.JUnitReportReporter -->
<testsuite skipped="0" hostname="DESKTOP-T7TNLRT" name="testscript.ValidLogin" tests="1" failures="0" timestamp="14 Jan 2022 08:11:47 GMT" time="18.706" errors="0">
  <testcase name="getLogged" time="18.706" classname="testscript.ValidLogin"/>
</testsuite> <!-- testscript.ValidLogin -->
